<?xml version="1.0" encoding="UTF-8"?>
<testng-results skipped="0" failed="0" total="1" passed="1">
  <reporter-output>
  </reporter-output>
  <suite name="Surefire suite" duration-ms="44" started-at="2020-07-02T01:01:26Z" finished-at="2020-07-02T01:01:26Z">
    <groups>
    </groups>
    <test name="Surefire test" duration-ms="44" started-at="2020-07-02T01:01:26Z" finished-at="2020-07-02T01:01:26Z">
      <class name="hello.GooglePage">
        <test-method status="PASS" signature="testHelloWorld()[pri:0, instance:hello.GooglePage@42d3bd8b]" name="testHelloWorld" duration-ms="8" started-at="2020-07-02T06:31:26Z" finished-at="2020-07-02T06:31:26Z">
          <reporter-output>
          </reporter-output>
        </test-method> <!-- testHelloWorld -->
      </class> <!-- hello.GooglePage -->
    </test> <!-- Surefire test -->
  </suite> <!-- Surefire suite -->
</testng-results>
